#-----------------------------------------------------------
# Vivado v2020.1 (64-bit)
# SW Build 2902540 on Wed May 27 19:54:49 MDT 2020
# IP Build 2902112 on Wed May 27 22:43:36 MDT 2020
# Start of session at: Wed Dec  9 19:40:02 2020
# Process ID: 15304
# Current directory: D:/vivadoprog/RmShake
# Command line: vivado.exe -gui_launcher_event rodinguilauncherevent1588 D:\vivadoprog\RmShake\RmShake.xpr
# Log file: D:/vivadoprog/RmShake/vivado.log
# Journal file: D:/vivadoprog/RmShake\vivado.jou
#-----------------------------------------------------------
start_gui
open_project D:/vivadoprog/RmShake/RmShake.xpr
Scanning sources...
Finished scanning sources
INFO: [IP_Flow 19-234] Refreshing IP repositories
INFO: [IP_Flow 19-1704] No user IP repositories specified
INFO: [IP_Flow 19-2313] Loaded Vivado IP repository 'D:/vivado/Vivado/2020.1/data/ip'.
open_project: Time (s): cpu = 00:00:40 ; elapsed = 00:00:12 . Memory (MB): peak = 1195.191 ; gain = 0.000
exit
INFO: [Common 17-206] Exiting Vivado at Wed Dec  9 19:40:43 2020...
